11:25:03 ERROR :  License Feature SDK is not available.
11:25:07 INFO  : Launching XSDB server: xsdb.bat -s C:/Xilinx/SDK/2014.4/scripts/xsdb/xsdb/xsdb-server.tcl 2450
11:36:10 INFO  : Launching XSDB server: xsdb.bat -s C:/Xilinx/SDK/2014.4/scripts/xsdb/xsdb/xsdb-server.tcl 2450
13:48:45 INFO  : Registering command handlers for SDK TCF services
13:48:46 INFO  : Launching XSCT server: xsct.bat -interactive C:\Users\Park\GreedyFTL\temp_xsdb_launch_script.tcl
13:48:48 INFO  : XSCT server has started successfully.
13:48:49 INFO  : Successfully done setting XSCT server connection channel  
13:48:49 INFO  : Successfully done setting SDK workspace  
13:52:04 INFO  : Registering command handlers for SDK TCF services
13:52:05 INFO  : Launching XSCT server: xsct.bat -interactive C:\Users\Park\GreedyFTL\temp_xsdb_launch_script.tcl
13:52:07 INFO  : XSCT server has started successfully.
13:52:07 INFO  : Successfully done setting XSCT server connection channel  
13:52:07 INFO  : Successfully done setting SDK workspace  
13:57:05 INFO  : Connected to target on host '127.0.0.1' and port '3121'.
13:57:05 INFO  : 'targets -set -filter {jtag_cable_name =~ "Digilent JTAG-SMT2 210251AABB39" && level==0} -index 1' command is executed.
13:57:13 INFO  : FPGA configured successfully with bitstream "C:/Users/Park/Greedy/system_hw_platform_0/sys_top_wrapper.bit"
13:57:26 INFO  : 'targets -set -filter {jtag_cable_name =~ "Digilent JTAG-SMT2 210251AABB39" && level==0} -index 1' command is executed.
13:57:26 INFO  : 'fpga -state' command is executed.
13:57:26 INFO  : Connected to target on host '127.0.0.1' and port '3121'.
13:57:26 INFO  : Jtag cable 'Digilent JTAG-SMT2 210251AABB39' is selected.
13:57:26 INFO  : 'jtag frequency' command is executed.
13:57:26 INFO  : Sourcing of 'C:/Users/Park/Greedy/system_hw_platform_0/ps7_init.tcl' is done.
13:57:26 INFO  : Context for 'APU' is selected.
13:57:26 INFO  : Hardware design information is loaded from 'C:/Users/Park/Greedy/system_hw_platform_0/system.hdf'.
13:57:26 INFO  : 'configparams force-mem-access 1' command is executed.
13:57:26 INFO  : Context for 'APU' is selected.
13:57:26 INFO  : 'stop' command is executed.
13:57:26 INFO  : 'ps7_init' command is executed.
13:57:26 INFO  : 'ps7_post_config' command is executed.
13:57:26 INFO  : Context for processor 'ps7_cortexa9_0' is selected.
13:57:26 INFO  : Processor reset is completed for 'ps7_cortexa9_0'.
13:57:26 INFO  : Context for processor 'ps7_cortexa9_0' is selected.
13:57:27 INFO  : The application 'C:/Users/Park/Greedy/GreedyFTL/Debug/GreedyFTL.elf' is downloaded to processor 'ps7_cortexa9_0'.
13:57:27 INFO  : 'configparams force-mem-access 0' command is executed.
13:57:27 INFO  : ----------------XSDB Script----------------
connect -url tcp:127.0.0.1:3121
source C:/Users/Park/Greedy/system_hw_platform_0/ps7_init.tcl
targets -set -nocase -filter {name =~"APU*" && jtag_cable_name =~ "Digilent JTAG-SMT2 210251AABB39"} -index 0
loadhw -hw C:/Users/Park/Greedy/system_hw_platform_0/system.hdf -mem-ranges [list {0x40000000 0xbfffffff}]
configparams force-mem-access 1
targets -set -nocase -filter {name =~"APU*" && jtag_cable_name =~ "Digilent JTAG-SMT2 210251AABB39"} -index 0
stop
ps7_init
ps7_post_config
targets -set -nocase -filter {name =~ "ARM*#0" && jtag_cable_name =~ "Digilent JTAG-SMT2 210251AABB39"} -index 0
rst -processor
targets -set -nocase -filter {name =~ "ARM*#0" && jtag_cable_name =~ "Digilent JTAG-SMT2 210251AABB39"} -index 0
dow C:/Users/Park/Greedy/GreedyFTL/Debug/GreedyFTL.elf
configparams force-mem-access 0
----------------End of Script----------------

13:57:27 INFO  : Memory regions updated for context APU
13:57:27 INFO  : Context for processor 'ps7_cortexa9_0' is selected.
13:57:27 INFO  : 'con' command is executed.
13:57:27 INFO  : ----------------XSDB Script (After Launch)----------------
targets -set -nocase -filter {name =~ "ARM*#0" && jtag_cable_name =~ "Digilent JTAG-SMT2 210251AABB39"} -index 0
con
----------------End of Script----------------

13:57:27 INFO  : Launch script is exported to file 'C:\Users\Park\GreedyFTL\.sdk\launch_scripts\xilinx_c-c++_application_(system_debugger)\system_debugger_using_debug_greedyftl.elf_on_local.tcl'
16:47:34 INFO  : Connected to target on host '127.0.0.1' and port '3121'.
16:47:34 INFO  : 'targets -set -filter {jtag_cable_name =~ "Digilent JTAG-SMT2 210251AABB39" && level==0} -index 1' command is executed.
16:47:41 INFO  : FPGA configured successfully with bitstream "C:/Users/Park/Greedy/system_hw_platform_0/sys_top_wrapper.bit"
17:07:06 INFO  : Disconnected from the channel tcfchan#1.
17:07:07 INFO  : 'targets -set -filter {jtag_cable_name =~ "Digilent JTAG-SMT2 210251AABB39" && level==0} -index 1' command is executed.
17:07:07 INFO  : 'fpga -state' command is executed.
17:07:07 INFO  : Connected to target on host '127.0.0.1' and port '3121'.
17:07:07 INFO  : Jtag cable 'Digilent JTAG-SMT2 210251AABB39' is selected.
17:07:07 INFO  : 'jtag frequency' command is executed.
17:07:07 INFO  : Sourcing of 'C:/Users/Park/Greedy/system_hw_platform_0/ps7_init.tcl' is done.
17:07:07 INFO  : Context for 'APU' is selected.
17:07:07 INFO  : Hardware design information is loaded from 'C:/Users/Park/Greedy/system_hw_platform_0/system.hdf'.
17:07:07 INFO  : 'configparams force-mem-access 1' command is executed.
17:07:07 INFO  : Context for 'APU' is selected.
17:07:07 INFO  : 'stop' command is executed.
17:07:08 INFO  : 'ps7_init' command is executed.
17:07:08 INFO  : 'ps7_post_config' command is executed.
17:07:08 INFO  : Context for processor 'ps7_cortexa9_0' is selected.
17:07:08 INFO  : Processor reset is completed for 'ps7_cortexa9_0'.
17:07:08 INFO  : Context for processor 'ps7_cortexa9_0' is selected.
17:07:08 INFO  : The application 'C:/Users/Park/Greedy/GreedyFTL/Debug/GreedyFTL.elf' is downloaded to processor 'ps7_cortexa9_0'.
17:07:08 INFO  : 'configparams force-mem-access 0' command is executed.
17:07:08 INFO  : ----------------XSDB Script----------------
connect -url tcp:127.0.0.1:3121
source C:/Users/Park/Greedy/system_hw_platform_0/ps7_init.tcl
targets -set -nocase -filter {name =~"APU*" && jtag_cable_name =~ "Digilent JTAG-SMT2 210251AABB39"} -index 0
loadhw -hw C:/Users/Park/Greedy/system_hw_platform_0/system.hdf -mem-ranges [list {0x40000000 0xbfffffff}]
configparams force-mem-access 1
targets -set -nocase -filter {name =~"APU*" && jtag_cable_name =~ "Digilent JTAG-SMT2 210251AABB39"} -index 0
stop
ps7_init
ps7_post_config
targets -set -nocase -filter {name =~ "ARM*#0" && jtag_cable_name =~ "Digilent JTAG-SMT2 210251AABB39"} -index 0
rst -processor
targets -set -nocase -filter {name =~ "ARM*#0" && jtag_cable_name =~ "Digilent JTAG-SMT2 210251AABB39"} -index 0
dow C:/Users/Park/Greedy/GreedyFTL/Debug/GreedyFTL.elf
configparams force-mem-access 0
----------------End of Script----------------

17:07:08 INFO  : Memory regions updated for context APU
17:07:08 INFO  : Context for processor 'ps7_cortexa9_0' is selected.
17:07:08 INFO  : 'con' command is executed.
17:07:08 INFO  : ----------------XSDB Script (After Launch)----------------
targets -set -nocase -filter {name =~ "ARM*#0" && jtag_cable_name =~ "Digilent JTAG-SMT2 210251AABB39"} -index 0
con
----------------End of Script----------------

17:07:08 INFO  : Launch script is exported to file 'C:\Users\Park\GreedyFTL\.sdk\launch_scripts\xilinx_c-c++_application_(system_debugger)\system_debugger_using_debug_greedyftl.elf_on_local.tcl'
17:13:08 INFO  : Connected to target on host '127.0.0.1' and port '3121'.
17:13:08 INFO  : 'targets -set -filter {jtag_cable_name =~ "Digilent JTAG-SMT2 210251AABB39" && level==0} -index 1' command is executed.
17:13:16 INFO  : FPGA configured successfully with bitstream "C:/Users/Park/Greedy/system_hw_platform_0/sys_top_wrapper.bit"
17:13:54 INFO  : Disconnected from the channel tcfchan#2.
17:13:55 INFO  : 'targets -set -filter {jtag_cable_name =~ "Digilent JTAG-SMT2 210251AABB39" && level==0} -index 1' command is executed.
17:13:55 INFO  : 'fpga -state' command is executed.
17:13:55 INFO  : Connected to target on host '127.0.0.1' and port '3121'.
17:13:55 INFO  : Jtag cable 'Digilent JTAG-SMT2 210251AABB39' is selected.
17:13:55 INFO  : 'jtag frequency' command is executed.
17:13:55 INFO  : Sourcing of 'C:/Users/Park/Greedy/system_hw_platform_0/ps7_init.tcl' is done.
17:13:56 INFO  : Context for 'APU' is selected.
17:13:56 INFO  : Hardware design information is loaded from 'C:/Users/Park/Greedy/system_hw_platform_0/system.hdf'.
17:13:56 INFO  : 'configparams force-mem-access 1' command is executed.
17:13:56 INFO  : Context for 'APU' is selected.
17:13:56 INFO  : 'stop' command is executed.
17:13:56 INFO  : 'ps7_init' command is executed.
17:13:56 INFO  : 'ps7_post_config' command is executed.
17:13:56 INFO  : Context for processor 'ps7_cortexa9_0' is selected.
17:13:56 INFO  : Processor reset is completed for 'ps7_cortexa9_0'.
17:13:56 INFO  : Context for processor 'ps7_cortexa9_0' is selected.
17:13:56 INFO  : The application 'C:/Users/Park/Greedy/GreedyFTL/Debug/GreedyFTL.elf' is downloaded to processor 'ps7_cortexa9_0'.
17:13:56 INFO  : 'configparams force-mem-access 0' command is executed.
17:13:56 INFO  : ----------------XSDB Script----------------
connect -url tcp:127.0.0.1:3121
source C:/Users/Park/Greedy/system_hw_platform_0/ps7_init.tcl
targets -set -nocase -filter {name =~"APU*" && jtag_cable_name =~ "Digilent JTAG-SMT2 210251AABB39"} -index 0
loadhw -hw C:/Users/Park/Greedy/system_hw_platform_0/system.hdf -mem-ranges [list {0x40000000 0xbfffffff}]
configparams force-mem-access 1
targets -set -nocase -filter {name =~"APU*" && jtag_cable_name =~ "Digilent JTAG-SMT2 210251AABB39"} -index 0
stop
ps7_init
ps7_post_config
targets -set -nocase -filter {name =~ "ARM*#0" && jtag_cable_name =~ "Digilent JTAG-SMT2 210251AABB39"} -index 0
rst -processor
targets -set -nocase -filter {name =~ "ARM*#0" && jtag_cable_name =~ "Digilent JTAG-SMT2 210251AABB39"} -index 0
dow C:/Users/Park/Greedy/GreedyFTL/Debug/GreedyFTL.elf
configparams force-mem-access 0
----------------End of Script----------------

17:13:56 INFO  : Memory regions updated for context APU
17:13:56 INFO  : Context for processor 'ps7_cortexa9_0' is selected.
17:13:56 INFO  : 'con' command is executed.
17:13:56 INFO  : ----------------XSDB Script (After Launch)----------------
targets -set -nocase -filter {name =~ "ARM*#0" && jtag_cable_name =~ "Digilent JTAG-SMT2 210251AABB39"} -index 0
con
----------------End of Script----------------

17:13:56 INFO  : Launch script is exported to file 'C:\Users\Park\GreedyFTL\.sdk\launch_scripts\xilinx_c-c++_application_(system_debugger)\system_debugger_using_debug_greedyftl.elf_on_local.tcl'
17:39:10 INFO  : Connected to target on host '127.0.0.1' and port '3121'.
17:39:10 INFO  : 'targets -set -filter {jtag_cable_name =~ "Digilent JTAG-SMT2 210251AABB39" && level==0} -index 1' command is executed.
17:39:17 INFO  : FPGA configured successfully with bitstream "C:/Users/Park/Greedy/system_hw_platform_0/sys_top_wrapper.bit"
17:39:31 INFO  : Disconnected from the channel tcfchan#3.
17:39:32 INFO  : 'targets -set -filter {jtag_cable_name =~ "Digilent JTAG-SMT2 210251AABB39" && level==0} -index 1' command is executed.
17:39:32 INFO  : 'fpga -state' command is executed.
17:39:32 INFO  : Connected to target on host '127.0.0.1' and port '3121'.
17:39:32 INFO  : Jtag cable 'Digilent JTAG-SMT2 210251AABB39' is selected.
17:39:32 INFO  : 'jtag frequency' command is executed.
17:39:32 INFO  : Sourcing of 'C:/Users/Park/Greedy/system_hw_platform_0/ps7_init.tcl' is done.
17:39:32 INFO  : Context for 'APU' is selected.
17:39:32 INFO  : Hardware design information is loaded from 'C:/Users/Park/Greedy/system_hw_platform_0/system.hdf'.
17:39:32 INFO  : 'configparams force-mem-access 1' command is executed.
17:39:32 INFO  : Context for 'APU' is selected.
17:39:32 INFO  : 'stop' command is executed.
17:39:32 INFO  : 'ps7_init' command is executed.
17:39:32 INFO  : 'ps7_post_config' command is executed.
17:39:32 INFO  : Context for processor 'ps7_cortexa9_0' is selected.
17:39:32 INFO  : Processor reset is completed for 'ps7_cortexa9_0'.
17:39:32 INFO  : Context for processor 'ps7_cortexa9_0' is selected.
17:39:32 INFO  : The application 'C:/Users/Park/Greedy/GreedyFTL/Debug/GreedyFTL.elf' is downloaded to processor 'ps7_cortexa9_0'.
17:39:32 INFO  : 'configparams force-mem-access 0' command is executed.
17:39:32 INFO  : ----------------XSDB Script----------------
connect -url tcp:127.0.0.1:3121
source C:/Users/Park/Greedy/system_hw_platform_0/ps7_init.tcl
targets -set -nocase -filter {name =~"APU*" && jtag_cable_name =~ "Digilent JTAG-SMT2 210251AABB39"} -index 0
loadhw -hw C:/Users/Park/Greedy/system_hw_platform_0/system.hdf -mem-ranges [list {0x40000000 0xbfffffff}]
configparams force-mem-access 1
targets -set -nocase -filter {name =~"APU*" && jtag_cable_name =~ "Digilent JTAG-SMT2 210251AABB39"} -index 0
stop
ps7_init
ps7_post_config
targets -set -nocase -filter {name =~ "ARM*#0" && jtag_cable_name =~ "Digilent JTAG-SMT2 210251AABB39"} -index 0
rst -processor
targets -set -nocase -filter {name =~ "ARM*#0" && jtag_cable_name =~ "Digilent JTAG-SMT2 210251AABB39"} -index 0
dow C:/Users/Park/Greedy/GreedyFTL/Debug/GreedyFTL.elf
configparams force-mem-access 0
----------------End of Script----------------

17:39:33 INFO  : Memory regions updated for context APU
17:39:33 INFO  : Context for processor 'ps7_cortexa9_0' is selected.
17:39:33 INFO  : 'con' command is executed.
17:39:33 INFO  : ----------------XSDB Script (After Launch)----------------
targets -set -nocase -filter {name =~ "ARM*#0" && jtag_cable_name =~ "Digilent JTAG-SMT2 210251AABB39"} -index 0
con
----------------End of Script----------------

17:39:33 INFO  : Launch script is exported to file 'C:\Users\Park\GreedyFTL\.sdk\launch_scripts\xilinx_c-c++_application_(system_debugger)\system_debugger_using_debug_greedyftl.elf_on_local.tcl'
15:33:01 INFO  : Connected to target on host '127.0.0.1' and port '3121'.
15:33:01 INFO  : 'targets -set -filter {jtag_cable_name =~ "Digilent JTAG-SMT2 210251AABB39" && level==0} -index 1' command is executed.
15:33:08 INFO  : FPGA configured successfully with bitstream "C:/Users/Park/Greedy/system_hw_platform_0/sys_top_wrapper.bit"
15:33:16 INFO  : Disconnected from the channel tcfchan#4.
15:33:17 INFO  : 'targets -set -filter {jtag_cable_name =~ "Digilent JTAG-SMT2 210251AABB39" && level==0} -index 1' command is executed.
15:33:17 INFO  : 'fpga -state' command is executed.
15:33:17 INFO  : Connected to target on host '127.0.0.1' and port '3121'.
15:33:17 INFO  : Jtag cable 'Digilent JTAG-SMT2 210251AABB39' is selected.
15:33:17 INFO  : 'jtag frequency' command is executed.
15:33:17 INFO  : Sourcing of 'C:/Users/Park/Greedy/system_hw_platform_0/ps7_init.tcl' is done.
15:33:17 INFO  : Context for 'APU' is selected.
15:33:17 INFO  : Hardware design information is loaded from 'C:/Users/Park/Greedy/system_hw_platform_0/system.hdf'.
15:33:17 INFO  : 'configparams force-mem-access 1' command is executed.
15:33:17 INFO  : Context for 'APU' is selected.
15:33:17 INFO  : 'stop' command is executed.
15:33:18 INFO  : 'ps7_init' command is executed.
15:33:18 INFO  : 'ps7_post_config' command is executed.
15:33:18 INFO  : Context for processor 'ps7_cortexa9_0' is selected.
15:33:18 INFO  : Processor reset is completed for 'ps7_cortexa9_0'.
15:33:18 INFO  : Context for processor 'ps7_cortexa9_0' is selected.
15:33:18 INFO  : The application 'C:/Users/Park/Greedy/GreedyFTL/Debug/GreedyFTL.elf' is downloaded to processor 'ps7_cortexa9_0'.
15:33:18 INFO  : 'configparams force-mem-access 0' command is executed.
15:33:18 INFO  : ----------------XSDB Script----------------
connect -url tcp:127.0.0.1:3121
source C:/Users/Park/Greedy/system_hw_platform_0/ps7_init.tcl
targets -set -nocase -filter {name =~"APU*" && jtag_cable_name =~ "Digilent JTAG-SMT2 210251AABB39"} -index 0
loadhw -hw C:/Users/Park/Greedy/system_hw_platform_0/system.hdf -mem-ranges [list {0x40000000 0xbfffffff}]
configparams force-mem-access 1
targets -set -nocase -filter {name =~"APU*" && jtag_cable_name =~ "Digilent JTAG-SMT2 210251AABB39"} -index 0
stop
ps7_init
ps7_post_config
targets -set -nocase -filter {name =~ "ARM*#0" && jtag_cable_name =~ "Digilent JTAG-SMT2 210251AABB39"} -index 0
rst -processor
targets -set -nocase -filter {name =~ "ARM*#0" && jtag_cable_name =~ "Digilent JTAG-SMT2 210251AABB39"} -index 0
dow C:/Users/Park/Greedy/GreedyFTL/Debug/GreedyFTL.elf
configparams force-mem-access 0
----------------End of Script----------------

15:33:18 INFO  : Memory regions updated for context APU
15:33:18 INFO  : Context for processor 'ps7_cortexa9_0' is selected.
15:33:18 INFO  : 'con' command is executed.
15:33:18 INFO  : ----------------XSDB Script (After Launch)----------------
targets -set -nocase -filter {name =~ "ARM*#0" && jtag_cable_name =~ "Digilent JTAG-SMT2 210251AABB39"} -index 0
con
----------------End of Script----------------

15:33:18 INFO  : Launch script is exported to file 'C:\Users\Park\GreedyFTL\.sdk\launch_scripts\xilinx_c-c++_application_(system_debugger)\system_debugger_using_debug_greedyftl.elf_on_local.tcl'
17:59:43 INFO  : Connected to target on host '127.0.0.1' and port '3121'.
17:59:43 INFO  : 'targets -set -filter {jtag_cable_name =~ "Digilent JTAG-SMT2 210251AABB39" && level==0} -index 1' command is executed.
17:59:51 INFO  : FPGA configured successfully with bitstream "C:/Users/Park/Greedy/system_hw_platform_0/sys_top_wrapper.bit"
18:01:22 INFO  : Disconnected from the channel tcfchan#5.
18:01:23 INFO  : 'targets -set -filter {jtag_cable_name =~ "Digilent JTAG-SMT2 210251AABB39" && level==0} -index 1' command is executed.
18:01:23 INFO  : 'fpga -state' command is executed.
18:01:23 INFO  : Connected to target on host '127.0.0.1' and port '3121'.
18:01:23 INFO  : Jtag cable 'Digilent JTAG-SMT2 210251AABB39' is selected.
18:01:23 INFO  : 'jtag frequency' command is executed.
18:01:23 INFO  : Sourcing of 'C:/Users/Park/Greedy/system_hw_platform_0/ps7_init.tcl' is done.
18:01:23 INFO  : Context for 'APU' is selected.
18:01:23 INFO  : Hardware design information is loaded from 'C:/Users/Park/Greedy/system_hw_platform_0/system.hdf'.
18:01:23 INFO  : 'configparams force-mem-access 1' command is executed.
18:01:23 INFO  : Context for 'APU' is selected.
18:01:24 INFO  : 'stop' command is executed.
18:01:24 INFO  : 'ps7_init' command is executed.
18:01:24 INFO  : 'ps7_post_config' command is executed.
18:01:24 INFO  : Context for processor 'ps7_cortexa9_0' is selected.
18:01:24 INFO  : Processor reset is completed for 'ps7_cortexa9_0'.
18:01:24 INFO  : Context for processor 'ps7_cortexa9_0' is selected.
18:01:24 INFO  : The application 'C:/Users/Park/Greedy/GreedyFTL/Debug/GreedyFTL.elf' is downloaded to processor 'ps7_cortexa9_0'.
18:01:24 INFO  : 'configparams force-mem-access 0' command is executed.
18:01:24 INFO  : ----------------XSDB Script----------------
connect -url tcp:127.0.0.1:3121
source C:/Users/Park/Greedy/system_hw_platform_0/ps7_init.tcl
targets -set -nocase -filter {name =~"APU*" && jtag_cable_name =~ "Digilent JTAG-SMT2 210251AABB39"} -index 0
loadhw -hw C:/Users/Park/Greedy/system_hw_platform_0/system.hdf -mem-ranges [list {0x40000000 0xbfffffff}]
configparams force-mem-access 1
targets -set -nocase -filter {name =~"APU*" && jtag_cable_name =~ "Digilent JTAG-SMT2 210251AABB39"} -index 0
stop
ps7_init
ps7_post_config
targets -set -nocase -filter {name =~ "ARM*#0" && jtag_cable_name =~ "Digilent JTAG-SMT2 210251AABB39"} -index 0
rst -processor
targets -set -nocase -filter {name =~ "ARM*#0" && jtag_cable_name =~ "Digilent JTAG-SMT2 210251AABB39"} -index 0
dow C:/Users/Park/Greedy/GreedyFTL/Debug/GreedyFTL.elf
configparams force-mem-access 0
----------------End of Script----------------

18:01:24 INFO  : Memory regions updated for context APU
18:01:24 INFO  : Context for processor 'ps7_cortexa9_0' is selected.
18:01:24 INFO  : 'con' command is executed.
18:01:24 INFO  : ----------------XSDB Script (After Launch)----------------
targets -set -nocase -filter {name =~ "ARM*#0" && jtag_cable_name =~ "Digilent JTAG-SMT2 210251AABB39"} -index 0
con
----------------End of Script----------------

18:01:24 INFO  : Launch script is exported to file 'C:\Users\Park\GreedyFTL\.sdk\launch_scripts\xilinx_c-c++_application_(system_debugger)\system_debugger_using_debug_greedyftl.elf_on_local.tcl'
18:31:24 INFO  : Connected to target on host '127.0.0.1' and port '3121'.
18:31:24 INFO  : 'targets -set -filter {jtag_cable_name =~ "Digilent JTAG-SMT2 210251AABB39" && level==0} -index 1' command is executed.
18:31:32 INFO  : FPGA configured successfully with bitstream "C:/Users/Park/Greedy/system_hw_platform_0/sys_top_wrapper.bit"
18:31:52 INFO  : Disconnected from the channel tcfchan#6.
18:31:53 INFO  : 'targets -set -filter {jtag_cable_name =~ "Digilent JTAG-SMT2 210251AABB39" && level==0} -index 1' command is executed.
18:31:53 INFO  : 'fpga -state' command is executed.
18:31:53 INFO  : Connected to target on host '127.0.0.1' and port '3121'.
18:31:53 INFO  : Jtag cable 'Digilent JTAG-SMT2 210251AABB39' is selected.
18:31:53 INFO  : 'jtag frequency' command is executed.
18:31:53 INFO  : Sourcing of 'C:/Users/Park/Greedy/system_hw_platform_0/ps7_init.tcl' is done.
18:31:53 INFO  : Context for 'APU' is selected.
18:31:53 INFO  : Hardware design information is loaded from 'C:/Users/Park/Greedy/system_hw_platform_0/system.hdf'.
18:31:53 INFO  : 'configparams force-mem-access 1' command is executed.
18:31:53 INFO  : Context for 'APU' is selected.
18:31:54 INFO  : 'stop' command is executed.
18:31:54 INFO  : 'ps7_init' command is executed.
18:31:54 INFO  : 'ps7_post_config' command is executed.
18:31:54 INFO  : Context for processor 'ps7_cortexa9_0' is selected.
18:31:54 INFO  : Processor reset is completed for 'ps7_cortexa9_0'.
18:31:54 INFO  : Context for processor 'ps7_cortexa9_0' is selected.
18:31:54 INFO  : The application 'C:/Users/Park/Greedy/GreedyFTL/Debug/GreedyFTL.elf' is downloaded to processor 'ps7_cortexa9_0'.
18:31:54 INFO  : 'configparams force-mem-access 0' command is executed.
18:31:54 INFO  : ----------------XSDB Script----------------
connect -url tcp:127.0.0.1:3121
source C:/Users/Park/Greedy/system_hw_platform_0/ps7_init.tcl
targets -set -nocase -filter {name =~"APU*" && jtag_cable_name =~ "Digilent JTAG-SMT2 210251AABB39"} -index 0
loadhw -hw C:/Users/Park/Greedy/system_hw_platform_0/system.hdf -mem-ranges [list {0x40000000 0xbfffffff}]
configparams force-mem-access 1
targets -set -nocase -filter {name =~"APU*" && jtag_cable_name =~ "Digilent JTAG-SMT2 210251AABB39"} -index 0
stop
ps7_init
ps7_post_config
targets -set -nocase -filter {name =~ "ARM*#0" && jtag_cable_name =~ "Digilent JTAG-SMT2 210251AABB39"} -index 0
rst -processor
targets -set -nocase -filter {name =~ "ARM*#0" && jtag_cable_name =~ "Digilent JTAG-SMT2 210251AABB39"} -index 0
dow C:/Users/Park/Greedy/GreedyFTL/Debug/GreedyFTL.elf
configparams force-mem-access 0
----------------End of Script----------------

18:31:54 INFO  : Memory regions updated for context APU
18:31:54 INFO  : Context for processor 'ps7_cortexa9_0' is selected.
18:31:54 INFO  : 'con' command is executed.
18:31:54 INFO  : ----------------XSDB Script (After Launch)----------------
targets -set -nocase -filter {name =~ "ARM*#0" && jtag_cable_name =~ "Digilent JTAG-SMT2 210251AABB39"} -index 0
con
----------------End of Script----------------

18:31:54 INFO  : Launch script is exported to file 'C:\Users\Park\GreedyFTL\.sdk\launch_scripts\xilinx_c-c++_application_(system_debugger)\system_debugger_using_debug_greedyftl.elf_on_local.tcl'
18:47:21 INFO  : Connected to target on host '127.0.0.1' and port '3121'.
18:47:21 INFO  : 'targets -set -filter {jtag_cable_name =~ "Digilent JTAG-SMT2 210251AABB39" && level==0} -index 1' command is executed.
18:47:29 INFO  : FPGA configured successfully with bitstream "C:/Users/Park/Greedy/system_hw_platform_0/sys_top_wrapper.bit"
18:47:48 INFO  : Disconnected from the channel tcfchan#7.
18:47:49 INFO  : 'targets -set -filter {jtag_cable_name =~ "Digilent JTAG-SMT2 210251AABB39" && level==0} -index 1' command is executed.
18:47:49 INFO  : 'fpga -state' command is executed.
18:47:49 INFO  : Connected to target on host '127.0.0.1' and port '3121'.
18:47:49 INFO  : Jtag cable 'Digilent JTAG-SMT2 210251AABB39' is selected.
18:47:49 INFO  : 'jtag frequency' command is executed.
18:47:49 INFO  : Sourcing of 'C:/Users/Park/Greedy/system_hw_platform_0/ps7_init.tcl' is done.
18:47:49 INFO  : Context for 'APU' is selected.
18:47:49 INFO  : Hardware design information is loaded from 'C:/Users/Park/Greedy/system_hw_platform_0/system.hdf'.
18:47:49 INFO  : 'configparams force-mem-access 1' command is executed.
18:47:49 INFO  : Context for 'APU' is selected.
18:47:49 INFO  : 'stop' command is executed.
18:47:49 INFO  : 'ps7_init' command is executed.
18:47:49 INFO  : 'ps7_post_config' command is executed.
18:47:49 INFO  : Context for processor 'ps7_cortexa9_0' is selected.
18:47:49 INFO  : Processor reset is completed for 'ps7_cortexa9_0'.
18:47:49 INFO  : Context for processor 'ps7_cortexa9_0' is selected.
18:47:50 INFO  : The application 'C:/Users/Park/Greedy/GreedyFTL/Debug/GreedyFTL.elf' is downloaded to processor 'ps7_cortexa9_0'.
18:47:50 INFO  : 'configparams force-mem-access 0' command is executed.
18:47:50 INFO  : ----------------XSDB Script----------------
connect -url tcp:127.0.0.1:3121
source C:/Users/Park/Greedy/system_hw_platform_0/ps7_init.tcl
targets -set -nocase -filter {name =~"APU*" && jtag_cable_name =~ "Digilent JTAG-SMT2 210251AABB39"} -index 0
loadhw -hw C:/Users/Park/Greedy/system_hw_platform_0/system.hdf -mem-ranges [list {0x40000000 0xbfffffff}]
configparams force-mem-access 1
targets -set -nocase -filter {name =~"APU*" && jtag_cable_name =~ "Digilent JTAG-SMT2 210251AABB39"} -index 0
stop
ps7_init
ps7_post_config
targets -set -nocase -filter {name =~ "ARM*#0" && jtag_cable_name =~ "Digilent JTAG-SMT2 210251AABB39"} -index 0
rst -processor
targets -set -nocase -filter {name =~ "ARM*#0" && jtag_cable_name =~ "Digilent JTAG-SMT2 210251AABB39"} -index 0
dow C:/Users/Park/Greedy/GreedyFTL/Debug/GreedyFTL.elf
configparams force-mem-access 0
----------------End of Script----------------

18:47:50 INFO  : Memory regions updated for context APU
18:47:50 INFO  : Context for processor 'ps7_cortexa9_0' is selected.
18:47:50 INFO  : 'con' command is executed.
18:47:50 INFO  : ----------------XSDB Script (After Launch)----------------
targets -set -nocase -filter {name =~ "ARM*#0" && jtag_cable_name =~ "Digilent JTAG-SMT2 210251AABB39"} -index 0
con
----------------End of Script----------------

18:47:50 INFO  : Launch script is exported to file 'C:\Users\Park\GreedyFTL\.sdk\launch_scripts\xilinx_c-c++_application_(system_debugger)\system_debugger_using_debug_greedyftl.elf_on_local.tcl'
01:54:04 INFO  : Launching XSCT server: xsct.bat -interactive C:\Users\Park\GreedyFTL\temp_xsdb_launch_script.tcl
11:33:01 INFO  : Registering command handlers for SDK TCF services
11:33:02 INFO  : Launching XSCT server: xsct.bat -interactive C:\Users\Park\GreedyFTL\temp_xsdb_launch_script.tcl
11:33:04 INFO  : XSCT server has started successfully.
11:33:04 INFO  : Successfully done setting XSCT server connection channel  
11:33:05 INFO  : Successfully done setting SDK workspace  
11:52:35 INFO  : Connected to target on host '127.0.0.1' and port '3121'.
11:52:35 INFO  : 'targets -set -filter {jtag_cable_name =~ "Digilent JTAG-SMT2 210251AABB39" && level==0} -index 1' command is executed.
11:52:43 INFO  : FPGA configured successfully with bitstream "C:/Users/Park/Greedy/system_hw_platform_0/sys_top_wrapper.bit"
11:53:19 INFO  : 'targets -set -filter {jtag_cable_name =~ "Digilent JTAG-SMT2 210251AABB39" && level==0} -index 1' command is executed.
11:53:19 INFO  : 'fpga -state' command is executed.
11:53:19 INFO  : Connected to target on host '127.0.0.1' and port '3121'.
11:53:20 INFO  : Jtag cable 'Digilent JTAG-SMT2 210251AABB39' is selected.
11:53:20 INFO  : 'jtag frequency' command is executed.
11:53:20 INFO  : Sourcing of 'C:/Users/Park/Greedy/system_hw_platform_0/ps7_init.tcl' is done.
11:53:20 INFO  : Context for 'APU' is selected.
11:53:20 INFO  : Hardware design information is loaded from 'C:/Users/Park/Greedy/system_hw_platform_0/system.hdf'.
11:53:20 INFO  : 'configparams force-mem-access 1' command is executed.
11:53:20 INFO  : Context for 'APU' is selected.
11:53:20 INFO  : 'stop' command is executed.
11:53:20 INFO  : 'ps7_init' command is executed.
11:53:20 INFO  : 'ps7_post_config' command is executed.
11:53:20 INFO  : Context for processor 'ps7_cortexa9_0' is selected.
11:53:20 INFO  : Processor reset is completed for 'ps7_cortexa9_0'.
11:53:20 INFO  : Context for processor 'ps7_cortexa9_0' is selected.
11:53:20 INFO  : The application 'C:/Users/Park/Greedy/GreedyFTL/Debug/GreedyFTL.elf' is downloaded to processor 'ps7_cortexa9_0'.
11:53:20 INFO  : 'configparams force-mem-access 0' command is executed.
11:53:20 INFO  : ----------------XSDB Script----------------
connect -url tcp:127.0.0.1:3121
source C:/Users/Park/Greedy/system_hw_platform_0/ps7_init.tcl
targets -set -nocase -filter {name =~"APU*" && jtag_cable_name =~ "Digilent JTAG-SMT2 210251AABB39"} -index 0
loadhw -hw C:/Users/Park/Greedy/system_hw_platform_0/system.hdf -mem-ranges [list {0x40000000 0xbfffffff}]
configparams force-mem-access 1
targets -set -nocase -filter {name =~"APU*" && jtag_cable_name =~ "Digilent JTAG-SMT2 210251AABB39"} -index 0
stop
ps7_init
ps7_post_config
targets -set -nocase -filter {name =~ "ARM*#0" && jtag_cable_name =~ "Digilent JTAG-SMT2 210251AABB39"} -index 0
rst -processor
targets -set -nocase -filter {name =~ "ARM*#0" && jtag_cable_name =~ "Digilent JTAG-SMT2 210251AABB39"} -index 0
dow C:/Users/Park/Greedy/GreedyFTL/Debug/GreedyFTL.elf
configparams force-mem-access 0
----------------End of Script----------------

11:53:20 INFO  : Memory regions updated for context APU
11:53:20 INFO  : Context for processor 'ps7_cortexa9_0' is selected.
11:53:20 INFO  : 'con' command is executed.
11:53:20 INFO  : ----------------XSDB Script (After Launch)----------------
targets -set -nocase -filter {name =~ "ARM*#0" && jtag_cable_name =~ "Digilent JTAG-SMT2 210251AABB39"} -index 0
con
----------------End of Script----------------

11:53:20 INFO  : Launch script is exported to file 'C:\Users\Park\GreedyFTL\.sdk\launch_scripts\xilinx_c-c++_application_(system_debugger)\system_debugger_using_debug_greedyftl.elf_on_local.tcl'
12:07:57 INFO  : Disconnected from the channel tcfchan#1.
12:07:58 INFO  : 'targets -set -filter {jtag_cable_name =~ "Digilent JTAG-SMT2 210251AABB39" && level==0} -index 1' command is executed.
12:07:58 INFO  : 'fpga -state' command is executed.
12:07:58 INFO  : Connected to target on host '127.0.0.1' and port '3121'.
12:07:58 INFO  : Jtag cable 'Digilent JTAG-SMT2 210251AABB39' is selected.
12:07:58 INFO  : 'jtag frequency' command is executed.
12:07:58 INFO  : Sourcing of 'C:/Users/Park/Greedy/system_hw_platform_0/ps7_init.tcl' is done.
12:07:58 INFO  : Context for 'APU' is selected.
12:08:00 INFO  : Hardware design information is loaded from 'C:/Users/Park/Greedy/system_hw_platform_0/system.hdf'.
12:08:00 INFO  : 'configparams force-mem-access 1' command is executed.
12:08:00 INFO  : Context for 'APU' is selected.
12:08:00 INFO  : 'stop' command is executed.
12:08:01 INFO  : 'ps7_init' command is executed.
12:08:01 INFO  : 'ps7_post_config' command is executed.
12:08:01 INFO  : Context for processor 'ps7_cortexa9_0' is selected.
12:08:01 INFO  : Processor reset is completed for 'ps7_cortexa9_0'.
12:08:01 INFO  : Context for processor 'ps7_cortexa9_0' is selected.
12:08:01 INFO  : The application 'C:/Users/Park/Greedy/GreedyFTL/Debug/GreedyFTL.elf' is downloaded to processor 'ps7_cortexa9_0'.
12:08:01 INFO  : 'configparams force-mem-access 0' command is executed.
12:08:01 INFO  : ----------------XSDB Script----------------
connect -url tcp:127.0.0.1:3121
source C:/Users/Park/Greedy/system_hw_platform_0/ps7_init.tcl
targets -set -nocase -filter {name =~"APU*" && jtag_cable_name =~ "Digilent JTAG-SMT2 210251AABB39"} -index 0
loadhw -hw C:/Users/Park/Greedy/system_hw_platform_0/system.hdf -mem-ranges [list {0x40000000 0xbfffffff}]
configparams force-mem-access 1
targets -set -nocase -filter {name =~"APU*" && jtag_cable_name =~ "Digilent JTAG-SMT2 210251AABB39"} -index 0
stop
ps7_init
ps7_post_config
targets -set -nocase -filter {name =~ "ARM*#0" && jtag_cable_name =~ "Digilent JTAG-SMT2 210251AABB39"} -index 0
rst -processor
targets -set -nocase -filter {name =~ "ARM*#0" && jtag_cable_name =~ "Digilent JTAG-SMT2 210251AABB39"} -index 0
dow C:/Users/Park/Greedy/GreedyFTL/Debug/GreedyFTL.elf
configparams force-mem-access 0
----------------End of Script----------------

12:08:01 INFO  : Memory regions updated for context APU
12:08:01 INFO  : Context for processor 'ps7_cortexa9_0' is selected.
12:08:01 INFO  : 'con' command is executed.
12:08:01 INFO  : ----------------XSDB Script (After Launch)----------------
targets -set -nocase -filter {name =~ "ARM*#0" && jtag_cable_name =~ "Digilent JTAG-SMT2 210251AABB39"} -index 0
con
----------------End of Script----------------

12:08:01 INFO  : Launch script is exported to file 'C:\Users\Park\GreedyFTL\.sdk\launch_scripts\xilinx_c-c++_application_(system_debugger)\system_debugger_using_debug_greedyftl.elf_on_local.tcl'
12:08:16 INFO  : Connected to target on host '127.0.0.1' and port '3121'.
12:08:16 INFO  : 'targets -set -filter {jtag_cable_name =~ "Digilent JTAG-SMT2 210251AABB39" && level==0} -index 1' command is executed.
12:08:18 ERROR : 'fpga -file C:/Users/Park/Greedy/system_hw_platform_0/sys_top_wrapper.bit' is cancelled.
12:08:18 INFO  : Issued abort command to xsdb.
12:08:20 INFO  : Connected to target on host '127.0.0.1' and port '3121'.
12:08:20 INFO  : 'targets -set -filter {jtag_cable_name =~ "Digilent JTAG-SMT2 210251AABB39" && level==0} -index 1' command is executed.
12:08:27 INFO  : FPGA configured successfully with bitstream "C:/Users/Park/Greedy/system_hw_platform_0/sys_top_wrapper.bit"
12:08:34 INFO  : Disconnected from the channel tcfchan#2.
12:08:35 INFO  : 'targets -set -filter {jtag_cable_name =~ "Digilent JTAG-SMT2 210251AABB39" && level==0} -index 1' command is executed.
12:08:35 INFO  : 'fpga -state' command is executed.
12:08:35 INFO  : Connected to target on host '127.0.0.1' and port '3121'.
12:08:35 INFO  : Jtag cable 'Digilent JTAG-SMT2 210251AABB39' is selected.
12:08:36 INFO  : 'jtag frequency' command is executed.
12:08:36 INFO  : Sourcing of 'C:/Users/Park/Greedy/system_hw_platform_0/ps7_init.tcl' is done.
12:08:36 INFO  : Context for 'APU' is selected.
12:08:37 INFO  : Hardware design information is loaded from 'C:/Users/Park/Greedy/system_hw_platform_0/system.hdf'.
12:08:37 INFO  : 'configparams force-mem-access 1' command is executed.
12:08:37 INFO  : Context for 'APU' is selected.
12:08:38 INFO  : 'stop' command is executed.
12:08:38 INFO  : 'ps7_init' command is executed.
12:08:38 INFO  : 'ps7_post_config' command is executed.
12:08:38 INFO  : Context for processor 'ps7_cortexa9_0' is selected.
12:08:38 INFO  : Processor reset is completed for 'ps7_cortexa9_0'.
12:08:38 INFO  : Context for processor 'ps7_cortexa9_0' is selected.
12:08:38 INFO  : The application 'C:/Users/Park/Greedy/GreedyFTL/Debug/GreedyFTL.elf' is downloaded to processor 'ps7_cortexa9_0'.
12:08:38 INFO  : 'configparams force-mem-access 0' command is executed.
12:08:38 INFO  : ----------------XSDB Script----------------
connect -url tcp:127.0.0.1:3121
source C:/Users/Park/Greedy/system_hw_platform_0/ps7_init.tcl
targets -set -nocase -filter {name =~"APU*" && jtag_cable_name =~ "Digilent JTAG-SMT2 210251AABB39"} -index 0
loadhw -hw C:/Users/Park/Greedy/system_hw_platform_0/system.hdf -mem-ranges [list {0x40000000 0xbfffffff}]
configparams force-mem-access 1
targets -set -nocase -filter {name =~"APU*" && jtag_cable_name =~ "Digilent JTAG-SMT2 210251AABB39"} -index 0
stop
ps7_init
ps7_post_config
targets -set -nocase -filter {name =~ "ARM*#0" && jtag_cable_name =~ "Digilent JTAG-SMT2 210251AABB39"} -index 0
rst -processor
targets -set -nocase -filter {name =~ "ARM*#0" && jtag_cable_name =~ "Digilent JTAG-SMT2 210251AABB39"} -index 0
dow C:/Users/Park/Greedy/GreedyFTL/Debug/GreedyFTL.elf
configparams force-mem-access 0
----------------End of Script----------------

12:08:38 INFO  : Memory regions updated for context APU
12:08:38 INFO  : Context for processor 'ps7_cortexa9_0' is selected.
12:08:38 INFO  : 'con' command is executed.
12:08:38 INFO  : ----------------XSDB Script (After Launch)----------------
targets -set -nocase -filter {name =~ "ARM*#0" && jtag_cable_name =~ "Digilent JTAG-SMT2 210251AABB39"} -index 0
con
----------------End of Script----------------

12:08:38 INFO  : Launch script is exported to file 'C:\Users\Park\GreedyFTL\.sdk\launch_scripts\xilinx_c-c++_application_(system_debugger)\system_debugger_using_debug_greedyftl.elf_on_local.tcl'
15:47:34 INFO  : Connected to target on host '127.0.0.1' and port '3121'.
15:47:34 INFO  : 'targets -set -filter {jtag_cable_name =~ "Digilent JTAG-SMT2 210251AABB39" && level==0} -index 1' command is executed.
15:47:42 INFO  : FPGA configured successfully with bitstream "C:/Users/Park/Greedy/system_hw_platform_0/sys_top_wrapper.bit"
15:47:48 INFO  : Disconnected from the channel tcfchan#3.
15:47:49 INFO  : 'targets -set -filter {jtag_cable_name =~ "Digilent JTAG-SMT2 210251AABB39" && level==0} -index 1' command is executed.
15:47:49 INFO  : 'fpga -state' command is executed.
15:47:49 INFO  : Connected to target on host '127.0.0.1' and port '3121'.
15:47:49 INFO  : Jtag cable 'Digilent JTAG-SMT2 210251AABB39' is selected.
15:47:49 INFO  : 'jtag frequency' command is executed.
15:47:49 INFO  : Sourcing of 'C:/Users/Park/Greedy/system_hw_platform_0/ps7_init.tcl' is done.
15:47:49 INFO  : Context for 'APU' is selected.
15:47:52 INFO  : Hardware design information is loaded from 'C:/Users/Park/Greedy/system_hw_platform_0/system.hdf'.
15:47:52 INFO  : 'configparams force-mem-access 1' command is executed.
15:47:52 INFO  : Context for 'APU' is selected.
15:47:52 INFO  : 'stop' command is executed.
15:47:52 INFO  : 'ps7_init' command is executed.
15:47:52 INFO  : 'ps7_post_config' command is executed.
15:47:52 INFO  : Context for processor 'ps7_cortexa9_0' is selected.
15:47:52 INFO  : Processor reset is completed for 'ps7_cortexa9_0'.
15:47:52 INFO  : Context for processor 'ps7_cortexa9_0' is selected.
15:47:52 INFO  : The application 'C:/Users/Park/Greedy/GreedyFTL/Debug/GreedyFTL.elf' is downloaded to processor 'ps7_cortexa9_0'.
15:47:52 INFO  : 'configparams force-mem-access 0' command is executed.
15:47:52 INFO  : ----------------XSDB Script----------------
connect -url tcp:127.0.0.1:3121
source C:/Users/Park/Greedy/system_hw_platform_0/ps7_init.tcl
targets -set -nocase -filter {name =~"APU*" && jtag_cable_name =~ "Digilent JTAG-SMT2 210251AABB39"} -index 0
loadhw -hw C:/Users/Park/Greedy/system_hw_platform_0/system.hdf -mem-ranges [list {0x40000000 0xbfffffff}]
configparams force-mem-access 1
targets -set -nocase -filter {name =~"APU*" && jtag_cable_name =~ "Digilent JTAG-SMT2 210251AABB39"} -index 0
stop
ps7_init
ps7_post_config
targets -set -nocase -filter {name =~ "ARM*#0" && jtag_cable_name =~ "Digilent JTAG-SMT2 210251AABB39"} -index 0
rst -processor
targets -set -nocase -filter {name =~ "ARM*#0" && jtag_cable_name =~ "Digilent JTAG-SMT2 210251AABB39"} -index 0
dow C:/Users/Park/Greedy/GreedyFTL/Debug/GreedyFTL.elf
configparams force-mem-access 0
----------------End of Script----------------

15:47:52 INFO  : Memory regions updated for context APU
15:47:52 INFO  : Context for processor 'ps7_cortexa9_0' is selected.
15:47:52 INFO  : 'con' command is executed.
15:47:52 INFO  : ----------------XSDB Script (After Launch)----------------
targets -set -nocase -filter {name =~ "ARM*#0" && jtag_cable_name =~ "Digilent JTAG-SMT2 210251AABB39"} -index 0
con
----------------End of Script----------------

15:47:52 INFO  : Launch script is exported to file 'C:\Users\Park\GreedyFTL\.sdk\launch_scripts\xilinx_c-c++_application_(system_debugger)\system_debugger_using_debug_greedyftl.elf_on_local.tcl'
16:01:46 INFO  : Connected to target on host '127.0.0.1' and port '3121'.
16:01:47 INFO  : 'targets -set -filter {jtag_cable_name =~ "Digilent JTAG-SMT2 210251AABB39" && level==0} -index 1' command is executed.
16:01:54 INFO  : FPGA configured successfully with bitstream "C:/Users/Park/Greedy/system_hw_platform_0/sys_top_wrapper.bit"
16:02:03 INFO  : Disconnected from the channel tcfchan#4.
16:02:04 INFO  : 'targets -set -filter {jtag_cable_name =~ "Digilent JTAG-SMT2 210251AABB39" && level==0} -index 1' command is executed.
16:02:04 INFO  : 'fpga -state' command is executed.
16:02:04 INFO  : Connected to target on host '127.0.0.1' and port '3121'.
16:02:04 INFO  : Jtag cable 'Digilent JTAG-SMT2 210251AABB39' is selected.
16:02:04 INFO  : 'jtag frequency' command is executed.
16:02:04 INFO  : Sourcing of 'C:/Users/Park/Greedy/system_hw_platform_0/ps7_init.tcl' is done.
16:02:04 INFO  : Context for 'APU' is selected.
16:02:07 INFO  : Hardware design information is loaded from 'C:/Users/Park/Greedy/system_hw_platform_0/system.hdf'.
16:02:07 INFO  : 'configparams force-mem-access 1' command is executed.
16:02:07 INFO  : Context for 'APU' is selected.
16:02:07 INFO  : 'stop' command is executed.
16:02:07 INFO  : 'ps7_init' command is executed.
16:02:07 INFO  : 'ps7_post_config' command is executed.
16:02:07 INFO  : Context for processor 'ps7_cortexa9_0' is selected.
16:02:07 INFO  : Processor reset is completed for 'ps7_cortexa9_0'.
16:02:07 INFO  : Context for processor 'ps7_cortexa9_0' is selected.
16:02:07 INFO  : The application 'C:/Users/Park/Greedy/GreedyFTL/Debug/GreedyFTL.elf' is downloaded to processor 'ps7_cortexa9_0'.
16:02:07 INFO  : 'configparams force-mem-access 0' command is executed.
16:02:07 INFO  : ----------------XSDB Script----------------
connect -url tcp:127.0.0.1:3121
source C:/Users/Park/Greedy/system_hw_platform_0/ps7_init.tcl
targets -set -nocase -filter {name =~"APU*" && jtag_cable_name =~ "Digilent JTAG-SMT2 210251AABB39"} -index 0
loadhw -hw C:/Users/Park/Greedy/system_hw_platform_0/system.hdf -mem-ranges [list {0x40000000 0xbfffffff}]
configparams force-mem-access 1
targets -set -nocase -filter {name =~"APU*" && jtag_cable_name =~ "Digilent JTAG-SMT2 210251AABB39"} -index 0
stop
ps7_init
ps7_post_config
targets -set -nocase -filter {name =~ "ARM*#0" && jtag_cable_name =~ "Digilent JTAG-SMT2 210251AABB39"} -index 0
rst -processor
targets -set -nocase -filter {name =~ "ARM*#0" && jtag_cable_name =~ "Digilent JTAG-SMT2 210251AABB39"} -index 0
dow C:/Users/Park/Greedy/GreedyFTL/Debug/GreedyFTL.elf
configparams force-mem-access 0
----------------End of Script----------------

16:02:07 INFO  : Memory regions updated for context APU
16:02:07 INFO  : Context for processor 'ps7_cortexa9_0' is selected.
16:02:07 INFO  : 'con' command is executed.
16:02:07 INFO  : ----------------XSDB Script (After Launch)----------------
targets -set -nocase -filter {name =~ "ARM*#0" && jtag_cable_name =~ "Digilent JTAG-SMT2 210251AABB39"} -index 0
con
----------------End of Script----------------

16:02:07 INFO  : Launch script is exported to file 'C:\Users\Park\GreedyFTL\.sdk\launch_scripts\xilinx_c-c++_application_(system_debugger)\system_debugger_using_debug_greedyftl.elf_on_local.tcl'
16:17:36 INFO  : Connected to target on host '127.0.0.1' and port '3121'.
16:17:36 INFO  : 'targets -set -filter {jtag_cable_name =~ "Digilent JTAG-SMT2 210251AABB39" && level==0} -index 1' command is executed.
16:17:44 INFO  : FPGA configured successfully with bitstream "C:/Users/Park/Greedy/system_hw_platform_0/sys_top_wrapper.bit"
16:26:23 INFO  : Disconnected from the channel tcfchan#5.
16:26:24 INFO  : 'targets -set -filter {jtag_cable_name =~ "Digilent JTAG-SMT2 210251AABB39" && level==0} -index 1' command is executed.
16:26:24 INFO  : 'fpga -state' command is executed.
16:26:24 INFO  : Connected to target on host '127.0.0.1' and port '3121'.
16:26:24 INFO  : Jtag cable 'Digilent JTAG-SMT2 210251AABB39' is selected.
16:26:24 INFO  : 'jtag frequency' command is executed.
16:26:24 INFO  : Sourcing of 'C:/Users/Park/Greedy/system_hw_platform_0/ps7_init.tcl' is done.
16:26:24 INFO  : Context for 'APU' is selected.
16:26:28 INFO  : Hardware design information is loaded from 'C:/Users/Park/Greedy/system_hw_platform_0/system.hdf'.
16:26:28 INFO  : 'configparams force-mem-access 1' command is executed.
16:26:28 INFO  : Context for 'APU' is selected.
16:26:28 INFO  : 'stop' command is executed.
16:26:28 INFO  : 'ps7_init' command is executed.
16:26:28 INFO  : 'ps7_post_config' command is executed.
16:26:28 INFO  : Context for processor 'ps7_cortexa9_0' is selected.
16:26:28 INFO  : Processor reset is completed for 'ps7_cortexa9_0'.
16:26:28 INFO  : Context for processor 'ps7_cortexa9_0' is selected.
16:26:28 INFO  : The application 'C:/Users/Park/Greedy/GreedyFTL/Debug/GreedyFTL.elf' is downloaded to processor 'ps7_cortexa9_0'.
16:26:28 INFO  : 'configparams force-mem-access 0' command is executed.
16:26:28 INFO  : ----------------XSDB Script----------------
connect -url tcp:127.0.0.1:3121
source C:/Users/Park/Greedy/system_hw_platform_0/ps7_init.tcl
targets -set -nocase -filter {name =~"APU*" && jtag_cable_name =~ "Digilent JTAG-SMT2 210251AABB39"} -index 0
loadhw -hw C:/Users/Park/Greedy/system_hw_platform_0/system.hdf -mem-ranges [list {0x40000000 0xbfffffff}]
configparams force-mem-access 1
targets -set -nocase -filter {name =~"APU*" && jtag_cable_name =~ "Digilent JTAG-SMT2 210251AABB39"} -index 0
stop
ps7_init
ps7_post_config
targets -set -nocase -filter {name =~ "ARM*#0" && jtag_cable_name =~ "Digilent JTAG-SMT2 210251AABB39"} -index 0
rst -processor
targets -set -nocase -filter {name =~ "ARM*#0" && jtag_cable_name =~ "Digilent JTAG-SMT2 210251AABB39"} -index 0
dow C:/Users/Park/Greedy/GreedyFTL/Debug/GreedyFTL.elf
configparams force-mem-access 0
----------------End of Script----------------

16:26:28 INFO  : Memory regions updated for context APU
16:26:28 INFO  : Context for processor 'ps7_cortexa9_0' is selected.
16:26:28 INFO  : 'con' command is executed.
16:26:28 INFO  : ----------------XSDB Script (After Launch)----------------
targets -set -nocase -filter {name =~ "ARM*#0" && jtag_cable_name =~ "Digilent JTAG-SMT2 210251AABB39"} -index 0
con
----------------End of Script----------------

16:26:28 INFO  : Launch script is exported to file 'C:\Users\Park\GreedyFTL\.sdk\launch_scripts\xilinx_c-c++_application_(system_debugger)\system_debugger_using_debug_greedyftl.elf_on_local.tcl'
16:53:27 INFO  : Connected to target on host '127.0.0.1' and port '3121'.
16:53:27 INFO  : 'targets -set -filter {jtag_cable_name =~ "Digilent JTAG-SMT2 210251AABB39" && level==0} -index 1' command is executed.
16:53:35 INFO  : FPGA configured successfully with bitstream "C:/Users/Park/Greedy/system_hw_platform_0/sys_top_wrapper.bit"
16:53:45 INFO  : Disconnected from the channel tcfchan#6.
16:53:46 INFO  : 'targets -set -filter {jtag_cable_name =~ "Digilent JTAG-SMT2 210251AABB39" && level==0} -index 1' command is executed.
16:53:46 INFO  : 'fpga -state' command is executed.
16:53:46 INFO  : Connected to target on host '127.0.0.1' and port '3121'.
16:53:46 INFO  : Jtag cable 'Digilent JTAG-SMT2 210251AABB39' is selected.
16:53:46 INFO  : 'jtag frequency' command is executed.
16:53:46 INFO  : Sourcing of 'C:/Users/Park/Greedy/system_hw_platform_0/ps7_init.tcl' is done.
16:53:46 INFO  : Context for 'APU' is selected.
16:53:48 INFO  : Hardware design information is loaded from 'C:/Users/Park/Greedy/system_hw_platform_0/system.hdf'.
16:53:48 INFO  : 'configparams force-mem-access 1' command is executed.
16:53:48 INFO  : Context for 'APU' is selected.
16:53:48 INFO  : 'stop' command is executed.
16:53:49 INFO  : 'ps7_init' command is executed.
16:53:49 INFO  : 'ps7_post_config' command is executed.
16:53:49 INFO  : Context for processor 'ps7_cortexa9_0' is selected.
16:53:49 INFO  : Processor reset is completed for 'ps7_cortexa9_0'.
16:53:49 INFO  : Context for processor 'ps7_cortexa9_0' is selected.
16:53:49 INFO  : The application 'C:/Users/Park/Greedy/GreedyFTL/Debug/GreedyFTL.elf' is downloaded to processor 'ps7_cortexa9_0'.
16:53:49 INFO  : 'configparams force-mem-access 0' command is executed.
16:53:49 INFO  : ----------------XSDB Script----------------
connect -url tcp:127.0.0.1:3121
source C:/Users/Park/Greedy/system_hw_platform_0/ps7_init.tcl
targets -set -nocase -filter {name =~"APU*" && jtag_cable_name =~ "Digilent JTAG-SMT2 210251AABB39"} -index 0
loadhw -hw C:/Users/Park/Greedy/system_hw_platform_0/system.hdf -mem-ranges [list {0x40000000 0xbfffffff}]
configparams force-mem-access 1
targets -set -nocase -filter {name =~"APU*" && jtag_cable_name =~ "Digilent JTAG-SMT2 210251AABB39"} -index 0
stop
ps7_init
ps7_post_config
targets -set -nocase -filter {name =~ "ARM*#0" && jtag_cable_name =~ "Digilent JTAG-SMT2 210251AABB39"} -index 0
rst -processor
targets -set -nocase -filter {name =~ "ARM*#0" && jtag_cable_name =~ "Digilent JTAG-SMT2 210251AABB39"} -index 0
dow C:/Users/Park/Greedy/GreedyFTL/Debug/GreedyFTL.elf
configparams force-mem-access 0
----------------End of Script----------------

16:53:49 INFO  : Memory regions updated for context APU
16:53:49 INFO  : Context for processor 'ps7_cortexa9_0' is selected.
16:53:49 INFO  : 'con' command is executed.
16:53:49 INFO  : ----------------XSDB Script (After Launch)----------------
targets -set -nocase -filter {name =~ "ARM*#0" && jtag_cable_name =~ "Digilent JTAG-SMT2 210251AABB39"} -index 0
con
----------------End of Script----------------

16:53:49 INFO  : Launch script is exported to file 'C:\Users\Park\GreedyFTL\.sdk\launch_scripts\xilinx_c-c++_application_(system_debugger)\system_debugger_using_debug_greedyftl.elf_on_local.tcl'
17:38:20 INFO  : Connected to target on host '127.0.0.1' and port '3121'.
17:38:20 INFO  : 'targets -set -filter {jtag_cable_name =~ "Digilent JTAG-SMT2 210251AABB39" && level==0} -index 1' command is executed.
17:38:28 INFO  : FPGA configured successfully with bitstream "C:/Users/Park/Greedy/system_hw_platform_0/sys_top_wrapper.bit"
17:38:55 INFO  : Disconnected from the channel tcfchan#7.
17:38:56 INFO  : 'targets -set -filter {jtag_cable_name =~ "Digilent JTAG-SMT2 210251AABB39" && level==0} -index 1' command is executed.
17:38:56 INFO  : 'fpga -state' command is executed.
17:38:56 INFO  : Connected to target on host '127.0.0.1' and port '3121'.
17:38:56 INFO  : Jtag cable 'Digilent JTAG-SMT2 210251AABB39' is selected.
17:38:56 INFO  : 'jtag frequency' command is executed.
17:38:56 INFO  : Sourcing of 'C:/Users/Park/Greedy/system_hw_platform_0/ps7_init.tcl' is done.
17:38:56 INFO  : Context for 'APU' is selected.
17:38:59 INFO  : Hardware design information is loaded from 'C:/Users/Park/Greedy/system_hw_platform_0/system.hdf'.
17:38:59 INFO  : 'configparams force-mem-access 1' command is executed.
17:38:59 INFO  : Context for 'APU' is selected.
17:38:59 INFO  : 'stop' command is executed.
17:38:59 INFO  : 'ps7_init' command is executed.
17:38:59 INFO  : 'ps7_post_config' command is executed.
17:38:59 INFO  : Context for processor 'ps7_cortexa9_0' is selected.
17:38:59 INFO  : Processor reset is completed for 'ps7_cortexa9_0'.
17:38:59 INFO  : Context for processor 'ps7_cortexa9_0' is selected.
17:38:59 INFO  : The application 'C:/Users/Park/Greedy/GreedyFTL/Debug/GreedyFTL.elf' is downloaded to processor 'ps7_cortexa9_0'.
17:38:59 INFO  : 'configparams force-mem-access 0' command is executed.
17:38:59 INFO  : ----------------XSDB Script----------------
connect -url tcp:127.0.0.1:3121
source C:/Users/Park/Greedy/system_hw_platform_0/ps7_init.tcl
targets -set -nocase -filter {name =~"APU*" && jtag_cable_name =~ "Digilent JTAG-SMT2 210251AABB39"} -index 0
loadhw -hw C:/Users/Park/Greedy/system_hw_platform_0/system.hdf -mem-ranges [list {0x40000000 0xbfffffff}]
configparams force-mem-access 1
targets -set -nocase -filter {name =~"APU*" && jtag_cable_name =~ "Digilent JTAG-SMT2 210251AABB39"} -index 0
stop
ps7_init
ps7_post_config
targets -set -nocase -filter {name =~ "ARM*#0" && jtag_cable_name =~ "Digilent JTAG-SMT2 210251AABB39"} -index 0
rst -processor
targets -set -nocase -filter {name =~ "ARM*#0" && jtag_cable_name =~ "Digilent JTAG-SMT2 210251AABB39"} -index 0
dow C:/Users/Park/Greedy/GreedyFTL/Debug/GreedyFTL.elf
configparams force-mem-access 0
----------------End of Script----------------

17:38:59 INFO  : Memory regions updated for context APU
17:38:59 INFO  : Context for processor 'ps7_cortexa9_0' is selected.
17:38:59 INFO  : 'con' command is executed.
17:38:59 INFO  : ----------------XSDB Script (After Launch)----------------
targets -set -nocase -filter {name =~ "ARM*#0" && jtag_cable_name =~ "Digilent JTAG-SMT2 210251AABB39"} -index 0
con
----------------End of Script----------------

17:38:59 INFO  : Launch script is exported to file 'C:\Users\Park\GreedyFTL\.sdk\launch_scripts\xilinx_c-c++_application_(system_debugger)\system_debugger_using_debug_greedyftl.elf_on_local.tcl'
18:16:04 INFO  : Launching XSCT server: xsct.bat -interactive C:\Users\Park\GreedyFTL\temp_xsdb_launch_script.tcl
01:02:46 INFO  : Registering command handlers for SDK TCF services
01:02:46 INFO  : Launching XSCT server: xsct.bat -interactive C:\Users\Park\GreedyFTL\temp_xsdb_launch_script.tcl
01:02:49 INFO  : XSCT server has started successfully.
01:02:49 INFO  : Successfully done setting XSCT server connection channel  
01:02:49 INFO  : Successfully done setting SDK workspace  
01:08:55 INFO  : Registering command handlers for SDK TCF services
01:08:56 INFO  : Launching XSCT server: xsct.bat -interactive C:\Users\Park\GreedyFTL\temp_xsdb_launch_script.tcl
01:08:57 INFO  : XSCT server has started successfully.
01:08:57 INFO  : Successfully done setting XSCT server connection channel  
01:08:57 INFO  : Successfully done setting SDK workspace  
11:16:30 INFO  : Project 'system_hw_platform_0' created. You can now create BSPs and application projects targeting this hardware platform.
11:22:59 INFO  : Launching XSCT server: xsct.bat -interactive C:\Users\Park\GreedyFTL\temp_xsdb_launch_script.tcl
11:23:01 INFO  : XSCT server has started successfully.
11:23:01 INFO  : Successfully done setting XSCT server connection channel  
11:23:02 INFO  : Successfully done setting SDK workspace  
11:23:06 INFO  : Registering command handlers for SDK TCF services
